{
  "RSpec": {
    "coverage": {
      "/Users/andypierce/Desktop/Development/ftw/spec/models/articles_updates_spec.rb": {
        "lines": [
          1,
          1,
          null,
          1,
          2,
          1,
          1,
          1,
          1,
          1,
          1,
          1,
          1,
          1,
          1,
          1,
          1,
          null,
          1,
          null,
          1,
          null,
          null,
          null
        ]
      },
      "/Users/andypierce/Desktop/Development/ftw/spec/rails_helper.rb": {
        "lines": [
          null,
          1,
          1,
          1,
          null,
          1,
          1,
          null,
          null,
          null,
          null,
          null,
          null,
          null,
          null,
          null,
          null,
          null,
          null,
          null,
          null,
          null,
          null,
          null,
          null,
          null,
          null,
          1,
          null,
          0,
          null,
          1,
          null,
          1,
          null,
          null,
          null,
          null,
          1,
          1,
          null,
          null,
          null,
          null,
          null,
          null,
          null,
          null,
          null,
          null,
          null,
          null,
          null,
          null,
          null,
          null,
          1,
          null,
          null,
          1,
          null,
          null,
          null
        ]
      },
      "/Users/andypierce/Desktop/Development/ftw/config/environment.rb": {
        "lines": [
          null,
          1,
          null,
          null,
          1
        ]
      },
      "/Users/andypierce/Desktop/Development/ftw/config/application.rb": {
        "lines": [
          1,
          null,
          1,
          null,
          null,
          null,
          1,
          null,
          1,
          1,
          null,
          1,
          null,
          1,
          null,
          null,
          null,
          null,
          null,
          null,
          null,
          null,
          null,
          1,
          1,
          null,
          null,
          null,
          null,
          null,
          null,
          null,
          null,
          null
        ]
      },
      "/Users/andypierce/Desktop/Development/ftw/config/boot.rb": {
        "lines": [
          1,
          null,
          1,
          1
        ]
      },
      "/Users/andypierce/Desktop/Development/ftw/config/environments/test.rb": {
        "lines": [
          1,
          null,
          null,
          null,
          null,
          null,
          null,
          1,
          null,
          null,
          null,
          1,
          null,
          null,
          null,
          null,
          1,
          null,
          null,
          1,
          1,
          null,
          null,
          null,
          null,
          1,
          1,
          1,
          null,
          null,
          1,
          null,
          null,
          1,
          null,
          null,
          1,
          null,
          1,
          null,
          null,
          null,
          null,
          1,
          null,
          null,
          1,
          null,
          null,
          1,
          null,
          null,
          1,
          null,
          null,
          null,
          null,
          null,
          null,
          null
        ]
      },
      "/Users/andypierce/Desktop/Development/ftw/config/initializers/assets.rb": {
        "lines": [
          null,
          null,
          null,
          1,
          null,
          null,
          null,
          null,
          null,
          null,
          null,
          null
        ]
      },
      "/Users/andypierce/Desktop/Development/ftw/config/initializers/content_security_policy.rb": {
        "lines": [
          null,
          null,
          null,
          null,
          null,
          null,
          null,
          null,
          null,
          null,
          null,
          null,
          null,
          null,
          null,
          null,
          null,
          null,
          null,
          null,
          null,
          null,
          null,
          null,
          null
        ]
      },
      "/Users/andypierce/Desktop/Development/ftw/config/initializers/devise.rb": {
        "lines": [
          null,
          null,
          null,
          null,
          null,
          null,
          null,
          null,
          null,
          null,
          1,
          null,
          null,
          null,
          null,
          null,
          null,
          null,
          null,
          null,
          null,
          null,
          null,
          null,
          null,
          null,
          1,
          null,
          null,
          null,
          null,
          null,
          null,
          null,
          null,
          null,
          null,
          null,
          1,
          null,
          null,
          null,
          null,
          null,
          null,
          null,
          null,
          null,
          null,
          null,
          null,
          null,
          null,
          null,
          null,
          null,
          null,
          null,
          null,
          null,
          1,
          null,
          null,
          null,
          null,
          1,
          null,
          null,
          null,
          null,
          null,
          null,
          null,
          null,
          null,
          null,
          null,
          null,
          null,
          null,
          null,
          null,
          null,
          null,
          null,
          null,
          null,
          null,
          null,
          null,
          null,
          null,
          null,
          null,
          null,
          null,
          null,
          null,
          null,
          1,
          null,
          null,
          null,
          null,
          null,
          null,
          null,
          null,
          null,
          null,
          null,
          null,
          null,
          null,
          null,
          null,
          null,
          null,
          null,
          null,
          null,
          null,
          null,
          null,
          null,
          1,
          null,
          null,
          null,
          null,
          null,
          null,
          null,
          null,
          null,
          null,
          null,
          null,
          null,
          null,
          null,
          null,
          null,
          null,
          null,
          null,
          null,
          null,
          null,
          null,
          null,
          null,
          null,
          null,
          null,
          null,
          null,
          null,
          null,
          1,
          null,
          null,
          null,
          null,
          null,
          null,
          null,
          null,
          null,
          1,
          null,
          null,
          null,
          null,
          null,
          null,
          null,
          null,
          null,
          null,
          1,
          null,
          null,
          null,
          null,
          1,
          null,
          null,
          null,
          null,
          null,
          null,
          null,
          null,
          null,
          null,
          null,
          null,
          null,
          null,
          null,
          null,
          null,
          null,
          null,
          null,
          null,
          null,
          null,
          null,
          null,
          null,
          null,
          null,
          null,
          null,
          null,
          null,
          null,
          null,
          null,
          null,
          null,
          null,
          null,
          null,
          1,
          null,
          null,
          null,
          null,
          null,
          null,
          null,
          null,
          null,
          null,
          null,
          null,
          null,
          null,
          null,
          null,
          null,
          null,
          null,
          null,
          null,
          null,
          null,
          null,
          null,
          null,
          null,
          null,
          null,
          null,
          null,
          null,
          null,
          null,
          null,
          null,
          null,
          null,
          null,
          null,
          null,
          1,
          null,
          null,
          null,
          null,
          null,
          null,
          null,
          null,
          null,
          null,
          null,
          null,
          null,
          null,
          null,
          null,
          null,
          null,
          null,
          null,
          null,
          null,
          null,
          null,
          null,
          null,
          null,
          null,
          null,
          null,
          null,
          null,
          null,
          null,
          null,
          1,
          1,
          null,
          null,
          null,
          null,
          null,
          null,
          null
        ]
      },
      "/Users/andypierce/Desktop/Development/ftw/config/initializers/filter_parameter_logging.rb": {
        "lines": [
          null,
          null,
          null,
          null,
          null,
          1,
          null,
          null
        ]
      },
      "/Users/andypierce/Desktop/Development/ftw/config/initializers/inflections.rb": {
        "lines": [
          null,
          null,
          null,
          null,
          null,
          null,
          null,
          null,
          null,
          null,
          null,
          null,
          null,
          null,
          null,
          null
        ]
      },
      "/Users/andypierce/Desktop/Development/ftw/config/initializers/permissions_policy.rb": {
        "lines": [
          null,
          null,
          null,
          null,
          null,
          null,
          null,
          null,
          null,
          null,
          null
        ]
      },
      "/Users/andypierce/Desktop/Development/ftw/spec/factories/club.rb": {
        "lines": [
          1,
          1,
          124,
          129,
          130,
          130,
          130,
          135,
          136,
          136,
          136,
          135,
          135,
          135,
          138,
          133,
          138,
          138,
          135,
          138,
          129,
          118,
          136,
          null,
          null
        ]
      },
      "/Users/andypierce/Desktop/Development/ftw/spec/factories/feedbacks.rb": {
        "lines": [
          1,
          1,
          1,
          1,
          1,
          1,
          null,
          null
        ]
      },
      "/Users/andypierce/Desktop/Development/ftw/spec/factories/fixture.rb": {
        "lines": [
          1,
          1,
          4,
          4,
          4,
          4,
          4,
          null,
          null
        ]
      },
      "/Users/andypierce/Desktop/Development/ftw/spec/factories/game_params.rb": {
        "lines": [
          1,
          1,
          1,
          1,
          null,
          null
        ]
      },
      "/Users/andypierce/Desktop/Development/ftw/spec/factories/goal.rb": {
        "lines": [
          1,
          1,
          6,
          6,
          6,
          6,
          3,
          4,
          6,
          null,
          null
        ]
      },
      "/Users/andypierce/Desktop/Development/ftw/spec/factories/matches.rb": {
        "lines": [
          1,
          1,
          5,
          5,
          5,
          5,
          4,
          null,
          null
        ]
      },
      "/Users/andypierce/Desktop/Development/ftw/spec/factories/news.rb": {
        "lines": [
          1,
          1,
          1,
          1,
          1,
          1,
          1,
          1,
          1,
          null,
          null
        ]
      },
      "/Users/andypierce/Desktop/Development/ftw/spec/factories/performance.rb": {
        "lines": [
          1,
          1,
          2,
          2,
          1,
          2,
          2,
          2,
          2,
          null,
          null
        ]
      },
      "/Users/andypierce/Desktop/Development/ftw/spec/factories/player_actions.rb": {
        "lines": [
          1,
          1,
          1,
          null,
          null
        ]
      },
      "/Users/andypierce/Desktop/Development/ftw/spec/factories/players.rb": {
        "lines": [
          1,
          1,
          90,
          213,
          107,
          70,
          229,
          229,
          229,
          229,
          229,
          229,
          229,
          229,
          229,
          229,
          229,
          197,
          229,
          207,
          229,
          228,
          216,
          226,
          229,
          204,
          null,
          null
        ]
      },
      "/Users/andypierce/Desktop/Development/ftw/spec/factories/selection.rb": {
        "lines": [
          1,
          1,
          29,
          23,
          1,
          null,
          null
        ]
      },
      "/Users/andypierce/Desktop/Development/ftw/spec/factories/tactic.rb": {
        "lines": [
          1,
          1,
          8,
          1,
          8,
          8,
          8,
          8,
          8,
          null,
          null
        ]
      },
      "/Users/andypierce/Desktop/Development/ftw/spec/factories/transfer.rb": {
        "lines": [
          1,
          1,
          16,
          1,
          2,
          2,
          15,
          2,
          6,
          null,
          null
        ]
      },
      "/Users/andypierce/Desktop/Development/ftw/spec/factories/turn_actions.rb": {
        "lines": [
          1,
          1,
          8,
          1,
          1,
          1,
          12,
          1,
          null,
          null
        ]
      },
      "/Users/andypierce/Desktop/Development/ftw/spec/factories/turns.rb": {
        "lines": [
          1,
          1,
          1,
          1,
          1,
          1,
          1,
          1,
          null,
          null
        ]
      },
      "/Users/andypierce/Desktop/Development/ftw/spec/factories/turnsheets.rb": {
        "lines": [
          1,
          1,
          null,
          null,
          null
        ]
      },
      "/Users/andypierce/Desktop/Development/ftw/spec/factories/upgrade.rb": {
        "lines": [
          1,
          1,
          1,
          1,
          1,
          6,
          1,
          1,
          null,
          null
        ]
      },
      "/Users/andypierce/Desktop/Development/ftw/spec/factories/user.rb": {
        "lines": [
          1,
          1,
          4,
          4,
          4,
          4,
          4,
          null,
          null
        ]
      },
      "/Users/andypierce/Desktop/Development/ftw/config/routes.rb": {
        "lines": [
          1,
          1,
          1,
          1,
          1,
          1,
          1,
          1,
          1,
          1,
          1,
          1,
          1,
          1,
          1,
          null,
          1,
          null,
          1,
          1,
          1,
          null,
          null,
          1,
          2,
          null,
          null,
          1,
          1,
          1,
          null,
          1,
          1,
          1,
          1,
          1,
          1,
          1,
          1,
          null,
          1,
          null,
          1,
          1,
          1,
          null,
          1,
          1,
          1,
          null,
          1,
          null,
          1,
          null,
          1,
          1,
          1,
          1,
          1,
          1,
          1,
          1,
          null,
          1,
          1,
          1,
          1,
          1,
          1,
          1,
          1,
          1,
          null,
          1,
          1,
          1,
          1,
          1,
          1,
          null,
          1,
          1,
          1,
          1,
          1,
          1,
          1,
          1,
          1,
          1,
          1,
          1,
          1,
          1,
          1,
          1,
          1,
          null,
          1,
          1,
          1,
          1,
          1,
          1,
          1,
          1,
          1,
          null,
          1,
          null,
          1,
          1,
          1,
          null,
          null
        ]
      },
      "/Users/andypierce/Desktop/Development/ftw/app/models/user.rb": {
        "lines": [
          1,
          null,
          null,
          1,
          null,
          null,
          1,
          1,
          null,
          1,
          3,
          null,
          null,
          null,
          null,
          null,
          null,
          null,
          null,
          null,
          null,
          null,
          null,
          null,
          null,
          null,
          null,
          null,
          null,
          null
        ]
      },
      "/Users/andypierce/Desktop/Development/ftw/app/models/application_record.rb": {
        "lines": [
          1,
          1,
          null
        ]
      },
      "/Users/andypierce/Desktop/Development/ftw/app/helpers/application_helper.rb": {
        "lines": [
          1,
          null
        ]
      },
      "/Users/andypierce/Desktop/Development/ftw/app/helpers/feedback_helper.rb": {
        "lines": [
          1,
          null
        ]
      },
      "/Users/andypierce/Desktop/Development/ftw/app/helpers/matches_helper.rb": {
        "lines": [
          1,
          1,
          0,
          null,
          0,
          null,
          0,
          null,
          0,
          null,
          0,
          null,
          0,
          null,
          0,
          null,
          0,
          null,
          null,
          null,
          1,
          0,
          null,
          0,
          null,
          0,
          null,
          0,
          null,
          0,
          null,
          0,
          null,
          0,
          null,
          null,
          null
        ]
      },
      "/Users/andypierce/Desktop/Development/ftw/app/helpers/tactics_helper.rb": {
        "lines": [
          1,
          null
        ]
      },
      "/Users/andypierce/Desktop/Development/ftw/app/models/article.rb": {
        "lines": [
          1,
          1,
          0,
          0,
          0,
          0,
          0,
          null,
          0,
          null,
          null,
          null
        ]
      },
      "/Users/andypierce/Desktop/Development/ftw/app/models/article/article_updates.rb": {
        "lines": [
          1,
          1,
          null,
          1,
          1,
          null,
          null,
          1,
          1,
          1,
          1,
          1,
          1,
          1,
          null,
          null,
          1,
          null,
          1,
          1,
          null,
          1,
          null,
          null,
          null,
          null,
          null,
          null,
          null,
          null,
          null,
          null,
          1,
          1,
          null,
          1,
          null,
          null,
          null,
          null,
          null,
          null,
          null,
          null,
          null,
          null,
          1,
          1,
          null,
          1,
          null,
          null,
          null,
          null,
          null,
          null,
          null,
          null,
          null,
          null,
          1,
          1,
          null,
          1,
          null,
          null,
          null,
          null,
          null,
          null,
          null,
          null,
          null,
          null,
          1,
          1,
          null,
          1,
          null,
          null,
          null,
          null,
          null,
          null,
          null,
          null,
          null,
          null,
          1,
          1,
          null,
          1,
          null,
          null,
          null,
          null,
          null,
          null,
          null,
          null,
          null,
          null
        ]
      },
      "/Users/andypierce/Desktop/Development/ftw/spec/models/club_spec.rb": {
        "lines": [
          1,
          1,
          null,
          1,
          1,
          1,
          1,
          1,
          null,
          null,
          null,
          null,
          null,
          null,
          null,
          null,
          null,
          null,
          null,
          1,
          1,
          1,
          1,
          null,
          1,
          null,
          null,
          null,
          null,
          null,
          null,
          null,
          null,
          null,
          null,
          null,
          null,
          null,
          null,
          null,
          1,
          null,
          1,
          1,
          1,
          1,
          1,
          1,
          1,
          1,
          1,
          1,
          1,
          1,
          1,
          1,
          1,
          1,
          1,
          1,
          1,
          1,
          1,
          1,
          1,
          1,
          1,
          1,
          1,
          1,
          1,
          1,
          1,
          1,
          1,
          null,
          null,
          null,
          null
        ]
      },
      "/Users/andypierce/Desktop/Development/ftw/app/models/player.rb": {
        "lines": [
          1,
          1,
          1,
          1,
          1,
          null,
          1,
          76,
          null,
          25,
          null,
          19,
          null,
          19,
          null,
          13,
          null,
          null,
          null,
          1,
          0,
          0,
          0,
          0,
          0,
          null,
          0,
          null,
          null,
          null,
          1,
          0,
          null,
          null,
          0,
          null,
          0,
          0,
          null,
          0,
          0,
          null,
          null,
          0,
          0,
          null,
          null,
          null,
          1,
          null,
          0,
          null,
          0,
          null,
          null,
          null,
          null,
          null,
          1,
          77,
          null,
          null,
          null,
          null,
          null,
          null,
          77,
          null,
          null,
          null,
          0,
          null,
          null,
          null,
          1,
          33,
          null,
          null,
          null,
          1,
          35,
          null,
          null,
          null,
          1,
          38,
          null,
          null,
          null,
          1,
          22,
          null,
          null,
          null,
          1,
          0,
          null,
          null,
          1,
          0,
          null,
          0,
          null,
          null,
          null,
          null,
          0,
          null,
          null,
          null,
          null,
          null,
          null,
          null,
          null,
          null,
          1,
          0,
          0,
          0,
          null,
          null,
          null,
          0,
          null,
          null,
          0,
          null,
          null,
          null,
          null,
          0,
          null,
          0,
          null,
          0,
          null,
          null,
          1,
          0,
          0,
          0,
          null,
          null,
          0,
          null,
          null,
          0,
          null,
          null,
          null,
          null,
          0,
          null,
          0,
          null,
          0,
          null,
          null,
          1,
          0,
          0,
          0,
          null,
          null,
          0,
          null,
          null,
          0,
          null,
          null,
          null,
          null,
          0,
          null,
          0,
          null,
          0,
          null,
          0,
          null,
          null,
          1,
          0,
          0,
          0,
          null,
          null,
          0,
          null,
          null,
          0,
          null,
          null,
          null,
          null,
          0,
          null,
          0,
          null,
          0,
          null,
          0,
          null,
          null,
          1,
          52,
          8,
          44,
          16,
          28,
          19,
          null,
          9,
          null,
          null,
          null,
          1,
          52,
          52,
          null,
          null,
          1,
          0,
          0,
          null,
          0,
          0,
          0,
          null,
          null,
          null
        ]
      },
      "/Users/andypierce/Desktop/Development/ftw/spec/models/club_updates_spec.rb": {
        "lines": [
          1,
          1,
          null,
          1,
          21,
          null,
          1,
          1,
          1,
          1,
          1,
          1,
          1,
          1,
          null,
          1,
          null,
          1,
          1,
          null,
          null,
          1,
          1,
          1,
          1,
          null,
          1,
          null,
          1,
          null,
          null,
          null,
          1,
          1,
          1,
          null,
          null,
          null,
          null,
          null,
          null,
          null,
          null,
          null,
          1,
          1,
          null,
          1,
          null,
          1,
          null,
          null,
          null,
          1,
          1,
          1,
          null,
          null,
          null,
          null,
          null,
          null,
          null,
          null,
          null,
          null,
          null,
          null,
          null,
          null,
          null,
          null,
          1,
          1,
          1,
          1,
          null,
          1,
          null,
          1,
          null,
          null,
          null,
          1,
          1,
          1,
          null,
          null,
          null,
          1,
          1,
          null,
          1,
          null,
          1,
          null,
          null,
          null,
          1,
          1,
          1,
          1,
          null,
          null,
          null,
          null,
          null,
          null,
          null,
          null,
          null,
          null,
          null,
          null,
          null,
          null,
          null,
          null,
          null,
          1,
          1,
          1,
          null,
          1,
          1,
          1,
          null,
          1,
          null,
          null,
          1,
          1,
          null,
          null,
          null,
          null,
          null,
          null,
          null,
          null,
          null,
          null,
          null,
          null,
          null,
          null,
          null,
          null,
          null,
          1,
          1,
          1,
          null,
          1,
          null,
          null,
          null,
          1,
          1,
          1,
          null,
          null,
          1,
          null,
          null,
          1,
          null,
          1,
          null,
          1,
          1,
          null,
          null,
          1,
          1,
          null,
          null,
          1,
          null,
          null,
          1,
          null,
          1,
          null,
          1,
          1,
          null,
          null,
          1,
          1,
          null,
          null,
          1,
          null,
          null,
          null,
          1,
          null,
          1,
          null,
          1,
          1,
          null,
          null,
          null,
          1,
          1,
          1,
          null,
          null,
          null,
          1,
          null,
          1,
          null,
          1,
          null,
          null,
          null,
          1,
          1,
          1,
          null,
          null,
          null,
          null,
          1,
          null,
          1,
          null,
          1,
          null,
          null,
          1,
          1,
          null,
          null,
          null,
          null,
          1,
          null,
          1,
          null,
          1,
          null,
          null,
          1,
          1,
          null,
          null,
          null,
          1,
          null,
          1,
          null,
          1,
          null,
          null,
          null,
          1,
          1,
          1,
          null,
          null,
          null,
          1,
          null,
          1,
          null,
          1,
          null,
          1,
          null,
          null,
          1,
          1,
          null,
          null,
          null,
          1,
          null,
          1,
          null,
          1,
          null,
          null,
          1,
          1,
          null,
          null,
          null,
          1,
          null,
          1,
          1,
          null,
          1,
          null,
          1,
          null,
          null,
          null,
          1,
          1,
          1,
          1,
          1,
          1,
          null,
          1,
          null,
          1,
          1,
          null,
          null,
          1,
          1,
          1,
          1,
          1,
          1,
          null,
          1,
          null,
          1,
          1,
          1,
          1,
          1,
          null,
          null,
          1,
          1,
          1,
          1,
          1,
          1,
          1,
          null,
          1,
          null,
          1,
          1,
          1,
          1,
          1,
          1,
          null,
          null,
          null
        ]
      },
      "/Users/andypierce/Desktop/Development/ftw/app/models/club.rb": {
        "lines": [
          1,
          1,
          null,
          1,
          1,
          null,
          1,
          null,
          null,
          1,
          0,
          0,
          0,
          0,
          0,
          null,
          0,
          null,
          null,
          null,
          1,
          0,
          0,
          0,
          0,
          0,
          null,
          0,
          null,
          null,
          null,
          1,
          2,
          2,
          2,
          null,
          0,
          null,
          null,
          null,
          1,
          0,
          0,
          null,
          0,
          0,
          null,
          0,
          0,
          0,
          0,
          0,
          null,
          null,
          null,
          null,
          0,
          null,
          null,
          null,
          null,
          null,
          null,
          null,
          null,
          null,
          null,
          null,
          null,
          null,
          null,
          null,
          null,
          null,
          null,
          null,
          null,
          null,
          null,
          0,
          null,
          null
        ]
      },
      "/Users/andypierce/Desktop/Development/ftw/app/models/club/club_updates.rb": {
        "lines": [
          1,
          1,
          null,
          1,
          0,
          0,
          null,
          null,
          1,
          0,
          null,
          0,
          0,
          0,
          0,
          0,
          null,
          0,
          0,
          0,
          0,
          0,
          0,
          0,
          0,
          null,
          null,
          0,
          null,
          null
        ]
      },
      "/Users/andypierce/Desktop/Development/ftw/spec/models/match/initialize_match/get_fixture_spec.rb": {
        "lines": [
          1,
          1,
          null,
          1,
          1,
          1,
          1,
          null,
          1,
          1,
          null,
          1,
          null,
          1,
          null,
          null,
          null,
          null,
          null,
          null,
          null
        ]
      },
      "/Users/andypierce/Desktop/Development/ftw/app/models/match.rb": {
        "lines": [
          1,
          1,
          1,
          null,
          1,
          1,
          null,
          1,
          1,
          1,
          1,
          null,
          1,
          null,
          null,
          1,
          null,
          1,
          null,
          2,
          null,
          2,
          null,
          2,
          null,
          2,
          null,
          null,
          1,
          null,
          2,
          null,
          2,
          null,
          2,
          null,
          2,
          null,
          2,
          null,
          2,
          null,
          null,
          1,
          1,
          1,
          1,
          1,
          1,
          null,
          1,
          95,
          null,
          95,
          null,
          95,
          null,
          190,
          null,
          190,
          null,
          190,
          null,
          190,
          null,
          190,
          190,
          null,
          null,
          null,
          null,
          null,
          null,
          null,
          null,
          190,
          null,
          null,
          null,
          1,
          null,
          1,
          null,
          null,
          1,
          1,
          1,
          1,
          1,
          1,
          1,
          null,
          null
        ]
      },
      "/Users/andypierce/Desktop/Development/ftw/app/models/match/initialize_match/get_fixture.rb": {
        "lines": [
          1,
          1,
          null,
          1,
          3,
          3,
          null,
          null,
          1,
          3,
          null,
          3,
          0,
          null,
          null,
          3,
          null,
          null,
          1,
          null,
          1,
          3,
          0,
          null,
          3,
          null,
          null,
          null,
          1,
          3,
          3,
          5,
          null,
          null,
          null,
          null,
          null,
          null,
          3,
          null,
          null
        ]
      },
      "/Users/andypierce/Desktop/Development/ftw/spec/models/match/initialize_match/get_selection_spec.rb": {
        "lines": [
          1,
          1,
          null,
          1,
          1,
          1,
          1,
          null,
          1,
          11,
          null,
          null,
          1,
          null,
          1,
          11,
          null,
          null,
          null,
          1,
          null,
          null,
          null,
          null,
          null,
          null,
          1,
          null,
          1,
          1,
          1,
          1,
          1,
          null,
          null,
          null
        ]
      },
      "/Users/andypierce/Desktop/Development/ftw/app/models/match/initialize_match/get_selection.rb": {
        "lines": [
          1,
          1,
          null,
          1,
          3,
          null,
          null,
          1,
          8,
          3,
          null,
          3,
          110,
          null,
          null,
          null
        ]
      },
      "/Users/andypierce/Desktop/Development/ftw/spec/models/match/initialize_match/get_tactic_spec.rb": {
        "lines": [
          1,
          1,
          null,
          1,
          1,
          1,
          1,
          1,
          null,
          null,
          1,
          null,
          null,
          null,
          null,
          null,
          null,
          1,
          null,
          1,
          1,
          1,
          1,
          1,
          1,
          1,
          1,
          1,
          1,
          1,
          1,
          null,
          null,
          1,
          1,
          null,
          null,
          1,
          null,
          null,
          null,
          null,
          null,
          null,
          1,
          null,
          1,
          1,
          1,
          1,
          1,
          1,
          1,
          1,
          1,
          1,
          1,
          1,
          null,
          null,
          null
        ]
      },
      "/Users/andypierce/Desktop/Development/ftw/app/models/match/initialize_match/get_tactic.rb": {
        "lines": [
          1,
          1,
          null,
          1,
          4,
          null,
          null,
          1,
          10,
          4,
          null,
          4,
          12,
          null,
          null,
          12,
          7,
          null,
          5,
          null,
          null,
          null,
          4,
          null,
          null,
          1,
          null,
          1,
          7,
          null,
          null,
          null,
          null,
          null,
          null,
          null,
          1,
          5,
          null,
          null,
          null,
          null,
          null,
          null,
          null
        ]
      },
      "/Users/andypierce/Desktop/Development/ftw/spec/models/match/initialize_match/initialize_match_spec.rb": {
        "lines": [
          1,
          1,
          null,
          1,
          1,
          1,
          1,
          1,
          null,
          null,
          null,
          null,
          null,
          1,
          null,
          1,
          11,
          null,
          null,
          1,
          null,
          1,
          11,
          null,
          null,
          1,
          null,
          1,
          11,
          null,
          null,
          1,
          null,
          1,
          11,
          null,
          null,
          1,
          1,
          null,
          1,
          1,
          null,
          1,
          null,
          1,
          1,
          1,
          null,
          null,
          null
        ]
      },
      "/Users/andypierce/Desktop/Development/ftw/spec/models/match/initialize_player/initialize_player_spec.rb": {
        "lines": [
          1,
          1,
          null,
          1,
          1,
          1,
          1,
          null,
          null,
          null,
          null,
          null,
          null,
          null,
          1,
          1,
          null,
          1,
          null,
          null,
          1,
          null,
          1,
          null,
          null,
          1,
          null,
          1,
          1,
          1,
          null,
          null,
          null
        ]
      },
      "/Users/andypierce/Desktop/Development/ftw/spec/models/match/initialize_player/selection_aggression_spec.rb": {
        "lines": [
          1,
          1,
          null,
          1,
          1,
          1,
          1,
          null,
          null,
          null,
          null,
          null,
          null,
          null,
          null,
          null,
          null,
          null,
          null,
          null,
          null,
          null,
          null,
          null,
          null,
          null,
          null,
          null,
          null,
          null,
          null,
          1,
          null,
          null,
          null,
          null,
          1,
          null,
          1,
          1,
          1,
          1,
          1,
          1,
          1,
          1,
          null,
          null,
          null
        ]
      },
      "/Users/andypierce/Desktop/Development/ftw/app/models/match/initialize_player/selection_aggression.rb": {
        "lines": [
          1,
          1,
          null,
          1,
          3,
          3,
          null,
          null,
          1,
          3,
          null,
          3,
          null,
          3,
          178,
          54,
          null,
          17,
          null,
          20,
          null,
          10,
          null,
          null,
          54,
          null,
          null,
          3,
          null,
          null
        ]
      },
      "/Users/andypierce/Desktop/Development/ftw/spec/models/match/initialize_player/selection_performance_spec.rb": {
        "lines": [
          1,
          1,
          null,
          1,
          1,
          1,
          1,
          1,
          1,
          1,
          null,
          null,
          1,
          null,
          1,
          1,
          1,
          1,
          1,
          1,
          1,
          1,
          1,
          1,
          null,
          null,
          null
        ]
      },
      "/Users/andypierce/Desktop/Development/ftw/app/models/match/initialize_player/selection_performance.rb": {
        "lines": [
          1,
          1,
          null,
          1,
          3,
          null,
          null,
          1,
          3,
          null,
          3,
          null,
          3,
          48,
          48,
          null,
          48,
          null,
          null,
          3,
          null,
          null,
          1,
          null,
          1,
          48,
          null,
          null,
          1,
          48,
          null,
          null,
          null,
          null,
          null,
          null,
          null,
          null,
          null,
          null,
          null
        ]
      },
      "/Users/andypierce/Desktop/Development/ftw/spec/models/match/initialize_player/selection_stadium_spec.rb": {
        "lines": [
          1,
          1,
          null,
          1,
          1,
          1,
          1,
          null,
          null,
          1,
          null,
          null,
          1,
          null,
          null,
          null,
          1,
          null,
          null,
          null,
          null,
          null,
          null,
          null,
          null,
          null,
          null,
          null,
          null,
          null,
          null,
          null,
          null,
          null,
          null,
          1,
          null,
          null,
          null,
          null,
          null,
          null,
          1,
          null,
          1,
          null,
          1,
          1,
          1,
          1,
          1,
          1,
          1,
          1,
          1,
          null,
          null,
          null
        ]
      },
      "/Users/andypierce/Desktop/Development/ftw/app/models/match/initialize_player/selection_stadium.rb": {
        "lines": [
          1,
          1,
          null,
          1,
          3,
          3,
          null,
          null,
          1,
          3,
          null,
          9,
          3,
          null,
          3,
          null,
          3,
          null,
          3,
          null,
          null,
          1,
          null,
          1,
          3,
          null,
          3,
          6,
          null,
          6,
          null,
          6,
          null,
          null,
          3,
          null,
          null,
          1,
          6,
          null,
          null,
          null,
          null,
          null,
          null,
          null,
          null,
          1,
          3,
          3,
          16,
          null,
          6,
          null,
          6,
          null,
          null,
          null,
          1,
          6,
          null,
          null,
          null,
          null,
          6,
          4,
          null,
          2,
          null,
          null,
          null,
          1,
          3,
          3,
          52,
          null,
          52,
          null,
          52,
          null,
          null,
          null,
          1,
          146,
          null,
          52,
          27,
          null,
          25,
          null,
          null,
          null,
          1,
          27,
          null,
          27,
          67,
          null,
          null,
          1,
          null,
          null,
          1,
          27,
          null,
          null,
          null,
          null,
          null,
          null,
          null,
          null
        ]
      },
      "/Users/andypierce/Desktop/Development/ftw/spec/models/match/initialize_player/selection_star_spec.rb": {
        "lines": [
          1,
          1,
          null,
          1,
          1,
          1,
          1,
          null,
          1,
          null,
          null,
          null,
          1,
          null,
          1,
          null,
          null,
          null
        ]
      },
      "/Users/andypierce/Desktop/Development/ftw/app/models/match/initialize_player/selection_star.rb": {
        "lines": [
          1,
          1,
          null,
          1,
          3,
          null,
          null,
          1,
          3,
          null,
          3,
          null,
          3,
          47,
          47,
          null,
          null,
          3,
          null,
          null
        ]
      },
      "/Users/andypierce/Desktop/Development/ftw/spec/models/match/initialize_player/selection_tactic_spec.rb": {
        "lines": [
          1,
          1,
          null,
          1,
          1,
          1,
          1,
          null,
          null,
          null,
          null,
          null,
          null,
          null,
          null,
          null,
          null,
          null,
          null,
          null,
          null,
          null,
          null,
          null,
          null,
          null,
          null,
          null,
          null,
          null,
          null,
          1,
          null,
          null,
          null,
          null,
          1,
          null,
          1,
          1,
          1,
          1,
          1,
          1,
          1,
          1,
          null,
          null,
          1,
          1,
          null,
          null,
          null,
          null,
          null,
          null,
          null,
          null,
          null,
          null,
          1,
          null,
          null,
          null,
          null,
          null,
          null,
          1,
          null,
          1,
          null,
          null,
          1,
          1,
          null,
          null,
          null,
          null,
          null,
          null,
          null,
          null,
          null,
          null,
          1,
          null,
          null,
          null,
          null,
          null,
          null,
          1,
          null,
          1,
          null,
          null,
          null
        ]
      },
      "/Users/andypierce/Desktop/Development/ftw/app/models/match/initialize_player/selection_tactic.rb": {
        "lines": [
          1,
          null,
          null,
          null,
          null,
          null,
          null,
          null,
          null,
          1,
          null,
          1,
          5,
          5,
          null,
          null,
          1,
          5,
          null,
          5,
          null,
          5,
          56,
          null,
          56,
          56,
          null,
          null,
          5,
          null,
          null,
          1,
          null,
          1,
          56,
          126,
          null,
          null,
          null,
          1,
          56,
          8,
          8,
          48,
          1,
          1,
          null,
          null,
          56,
          null,
          null,
          1,
          56,
          18,
          18,
          18,
          18,
          38,
          21,
          21,
          21,
          21,
          17,
          10,
          10,
          10,
          10,
          null,
          null,
          56,
          null,
          null
        ]
      },
      "/Users/andypierce/Desktop/Development/ftw/spec/models/match/match_end/match_end_commentary_spec.rb": {
        "lines": [
          1,
          1,
          null,
          1,
          1,
          1,
          1,
          null,
          null,
          null,
          null,
          1,
          null,
          null,
          null,
          null,
          null,
          null,
          null,
          null,
          null,
          null,
          null,
          null,
          null,
          null,
          null,
          null,
          null,
          null,
          null,
          null,
          null,
          null,
          null,
          null,
          null,
          null,
          null,
          null,
          null,
          null,
          null,
          null,
          null,
          null,
          null,
          null,
          null,
          null,
          null,
          null,
          null,
          null,
          null,
          null,
          null,
          null,
          null,
          null,
          null,
          null,
          null,
          null,
          null,
          null,
          null,
          null,
          null,
          null,
          null,
          null,
          null,
          null,
          null,
          null,
          null,
          null,
          null,
          null,
          null,
          null,
          null,
          null,
          null,
          null,
          null,
          null,
          null,
          null,
          null,
          null,
          null,
          null,
          null,
          null,
          null,
          null,
          null,
          null,
          null,
          null,
          null,
          null,
          null,
          null,
          null,
          null,
          null,
          null,
          null,
          null,
          null,
          null,
          null,
          null,
          null,
          null,
          null,
          null,
          null,
          null,
          null,
          null,
          null,
          null,
          null,
          null,
          null,
          null,
          null,
          null,
          null,
          null,
          null,
          null,
          null,
          null,
          null,
          null,
          null,
          null,
          null,
          1,
          null,
          null,
          null,
          null,
          null,
          null,
          null,
          null,
          null,
          null,
          null,
          null,
          null,
          null,
          null,
          null,
          null,
          null,
          null,
          null,
          null,
          null,
          null,
          null,
          null,
          null,
          null,
          null,
          null,
          null,
          null,
          null,
          null,
          null,
          null,
          null,
          null,
          null,
          null,
          null,
          null,
          null,
          null,
          null,
          null,
          null,
          null,
          null,
          null,
          null,
          null,
          null,
          null,
          null,
          null,
          null,
          null,
          null,
          null,
          null,
          null,
          null,
          null,
          null,
          null,
          null,
          null,
          null,
          null,
          null,
          null,
          null,
          null,
          null,
          null,
          null,
          null,
          null,
          null,
          null,
          null,
          null,
          null,
          null,
          null,
          null,
          null,
          null,
          1,
          1,
          1,
          1,
          null,
          1,
          1,
          1,
          1,
          null,
          1,
          1,
          null,
          1,
          null,
          1,
          1,
          1,
          1,
          1,
          1,
          1,
          1,
          null,
          null,
          null
        ]
      },
      "/Users/andypierce/Desktop/Development/ftw/app/models/match/match_end/match_end_commentary.rb": {
        "lines": [
          1,
          1,
          null,
          1,
          2,
          2,
          2,
          null,
          null,
          1,
          2,
          0,
          null,
          null,
          2,
          null,
          2,
          null,
          2,
          2,
          null,
          null,
          1,
          200,
          null,
          2,
          10,
          null,
          180,
          180,
          null,
          4,
          null,
          null,
          null,
          1,
          4,
          4,
          null,
          4,
          2376,
          2376,
          null,
          198,
          null,
          null,
          null,
          null,
          null,
          null,
          null,
          null,
          null,
          null,
          null,
          198,
          null,
          null,
          null,
          1,
          null,
          1,
          198,
          null,
          594,
          792,
          null,
          198,
          99,
          98,
          4,
          4,
          4,
          null,
          null,
          194,
          66,
          57,
          4,
          4,
          4,
          null,
          null,
          190,
          0,
          0,
          null,
          190,
          0,
          0,
          null,
          190,
          27,
          27,
          null,
          163,
          27,
          27,
          null,
          null,
          136,
          136,
          136,
          136,
          null,
          null,
          198,
          null,
          null,
          null,
          null,
          null,
          null,
          198,
          null,
          null,
          1,
          198,
          198,
          198,
          198,
          198,
          null,
          198,
          null,
          null
        ]
      },
      "/Users/andypierce/Desktop/Development/ftw/spec/models/match/match_end/match_end_fitness_spec.rb": {
        "lines": [
          1,
          1,
          null,
          1,
          1,
          1,
          1,
          null,
          null,
          null,
          null,
          null,
          null,
          null,
          null,
          null,
          null,
          null,
          null,
          null,
          null,
          null,
          null,
          null,
          null,
          null,
          null,
          null,
          null,
          null,
          null,
          null,
          null,
          null,
          null,
          null,
          null,
          null,
          null,
          null,
          null,
          null,
          null,
          null,
          null,
          null,
          null,
          null,
          null,
          null,
          null,
          null,
          null,
          null,
          null,
          null,
          null,
          null,
          null,
          null,
          null,
          null,
          null,
          null,
          null,
          null,
          null,
          null,
          null,
          null,
          null,
          null,
          null,
          null,
          null,
          null,
          1,
          null,
          null,
          null,
          null,
          1,
          null,
          1,
          22,
          null,
          null,
          1,
          null,
          1,
          null,
          1,
          1,
          1,
          1,
          1,
          1,
          1,
          1,
          1,
          1,
          1,
          1,
          1,
          1,
          1,
          1,
          1,
          1,
          1,
          1,
          1,
          1,
          null,
          null,
          null
        ]
      },
      "/Users/andypierce/Desktop/Development/ftw/app/models/match/match_end/match_end_fitness.rb": {
        "lines": [
          1,
          1,
          null,
          1,
          2,
          2,
          null,
          null,
          1,
          2,
          null,
          2,
          null,
          null,
          1,
          null,
          1,
          2,
          null,
          2,
          212,
          67,
          null,
          67,
          null,
          67,
          28,
          39,
          25,
          null,
          14,
          null,
          null,
          67,
          null,
          67,
          null,
          null,
          2,
          null,
          null
        ]
      },
      "/Users/andypierce/Desktop/Development/ftw/spec/models/match/match_end/match_end_goal_spec.rb": {
        "lines": [
          1,
          1,
          null,
          1,
          1,
          1,
          1,
          null,
          null,
          null,
          null,
          1,
          null,
          null,
          null,
          null,
          null,
          null,
          null,
          null,
          null,
          null,
          null,
          null,
          null,
          null,
          null,
          null,
          null,
          null,
          null,
          null,
          null,
          null,
          null,
          null,
          null,
          null,
          null,
          null,
          null,
          null,
          null,
          null,
          null,
          null,
          null,
          null,
          null,
          null,
          null,
          null,
          null,
          null,
          null,
          null,
          null,
          null,
          null,
          null,
          null,
          null,
          null,
          null,
          null,
          null,
          null,
          null,
          null,
          null,
          null,
          null,
          null,
          null,
          null,
          null,
          null,
          null,
          null,
          null,
          null,
          null,
          null,
          null,
          null,
          null,
          null,
          null,
          null,
          null,
          null,
          null,
          null,
          null,
          null,
          null,
          null,
          null,
          null,
          null,
          1,
          null,
          1,
          1,
          1,
          1,
          1,
          1,
          1,
          null,
          null,
          null
        ]
      },
      "/Users/andypierce/Desktop/Development/ftw/app/models/match/match_end/match_end_goal.rb": {
        "lines": [
          1,
          1,
          null,
          1,
          2,
          2,
          null,
          null,
          1,
          2,
          0,
          null,
          null,
          2,
          null,
          2,
          2,
          null,
          null,
          1,
          null,
          1,
          2,
          null,
          2,
          4,
          396,
          9,
          null,
          null,
          null,
          null,
          null,
          null,
          null,
          null,
          null,
          null,
          null,
          2,
          null,
          null
        ]
      },
      "/Users/andypierce/Desktop/Development/ftw/spec/models/match/match_end/match_end_match_spec.rb": {
        "lines": [
          1,
          1,
          null,
          1,
          1,
          1,
          1,
          null,
          null,
          null,
          null,
          1,
          null,
          null,
          null,
          null,
          null,
          null,
          null,
          null,
          null,
          null,
          null,
          null,
          null,
          null,
          null,
          null,
          null,
          null,
          null,
          null,
          null,
          null,
          null,
          null,
          null,
          null,
          null,
          null,
          null,
          null,
          null,
          null,
          null,
          null,
          null,
          null,
          null,
          null,
          null,
          null,
          null,
          null,
          null,
          null,
          null,
          null,
          null,
          null,
          null,
          null,
          null,
          null,
          null,
          null,
          null,
          null,
          null,
          null,
          null,
          null,
          null,
          null,
          null,
          null,
          null,
          null,
          null,
          null,
          null,
          null,
          null,
          null,
          null,
          null,
          null,
          null,
          null,
          null,
          null,
          null,
          null,
          null,
          null,
          null,
          null,
          null,
          null,
          null,
          null,
          null,
          null,
          null,
          null,
          null,
          null,
          null,
          null,
          null,
          null,
          null,
          null,
          null,
          null,
          null,
          null,
          null,
          null,
          null,
          null,
          null,
          null,
          null,
          null,
          null,
          null,
          null,
          null,
          null,
          null,
          null,
          null,
          null,
          null,
          null,
          null,
          null,
          null,
          null,
          null,
          null,
          null,
          null,
          1,
          null,
          null,
          null,
          null,
          null,
          null,
          null,
          null,
          1,
          null,
          null,
          null,
          null,
          null,
          null,
          null,
          null,
          null,
          null,
          null,
          null,
          null,
          null,
          null,
          null,
          null,
          null,
          null,
          null,
          null,
          null,
          null,
          null,
          null,
          null,
          null,
          null,
          null,
          null,
          null,
          null,
          1,
          null,
          1,
          null,
          1,
          1,
          1,
          1,
          1,
          1,
          1,
          1,
          1,
          1,
          1,
          1,
          1,
          1,
          1,
          1,
          1,
          1,
          1,
          1,
          1,
          1,
          1,
          1,
          1,
          1,
          1,
          1,
          1,
          1,
          null,
          null,
          null
        ]
      },
      "/Users/andypierce/Desktop/Development/ftw/app/models/match/match_end/match_end_match.rb": {
        "lines": [
          1,
          1,
          null,
          1,
          2,
          2,
          2,
          2,
          null,
          null,
          1,
          2,
          0,
          null,
          null,
          2,
          null,
          2,
          12,
          16,
          10,
          4,
          null,
          null,
          2,
          2,
          null,
          null,
          1,
          null,
          1,
          null,
          4,
          null,
          null,
          null,
          null,
          null,
          null,
          null,
          null,
          null,
          null,
          null,
          null,
          null,
          null,
          null,
          null,
          null,
          null,
          null,
          null,
          null,
          null,
          null,
          null,
          null,
          null,
          null,
          null,
          null,
          null,
          null,
          null,
          null,
          null,
          1,
          8,
          null,
          8,
          352,
          null,
          null,
          96,
          null,
          null
        ]
      },
      "/Users/andypierce/Desktop/Development/ftw/spec/models/match/match_end/match_end_parse_spec.rb": {
        "lines": [
          1,
          1,
          null,
          1,
          1,
          1,
          1,
          null,
          null,
          null,
          null,
          null,
          null,
          null,
          null,
          null,
          null,
          null,
          null,
          null,
          null,
          null,
          null,
          null,
          null,
          null,
          null,
          null,
          null,
          null,
          null,
          null,
          null,
          null,
          null,
          null,
          null,
          null,
          null,
          null,
          null,
          null,
          null,
          null,
          null,
          null,
          null,
          null,
          null,
          null,
          null,
          null,
          null,
          null,
          null,
          null,
          null,
          null,
          null,
          null,
          null,
          null,
          null,
          null,
          null,
          null,
          null,
          null,
          null,
          null,
          null,
          null,
          null,
          null,
          null,
          null,
          null,
          null,
          null,
          null,
          null,
          null,
          null,
          null,
          null,
          null,
          null,
          null,
          null,
          null,
          null,
          null,
          null,
          null,
          null,
          1,
          1,
          null,
          1,
          null,
          1,
          1,
          1,
          1,
          1,
          1,
          1,
          1,
          1,
          1,
          1,
          1,
          1,
          1,
          1,
          1,
          1,
          1,
          1,
          1,
          1,
          1,
          1,
          1,
          1,
          1,
          null,
          null,
          null
        ]
      },
      "/Users/andypierce/Desktop/Development/ftw/app/models/match/match_end/Match_end_parse.rb": {
        "lines": [
          1,
          1,
          null,
          1,
          2,
          null,
          null,
          1,
          2,
          null,
          200,
          null,
          2,
          null,
          null,
          1,
          null,
          1,
          2,
          null,
          2,
          4,
          4,
          null,
          null,
          null,
          null,
          null,
          null,
          4,
          null,
          4,
          4,
          4,
          4,
          null,
          4,
          null,
          null,
          null,
          null,
          null,
          null,
          null,
          null,
          null,
          null,
          null,
          null,
          null,
          null,
          null,
          null,
          null,
          2,
          null,
          null,
          1,
          4,
          4,
          4,
          4,
          4,
          4,
          null,
          4,
          586,
          784,
          null,
          198,
          198,
          198,
          198,
          198,
          198,
          null,
          null,
          4,
          null,
          null,
          1,
          4,
          4,
          null,
          4,
          198,
          31,
          167,
          31,
          null,
          null,
          null,
          4,
          null,
          null,
          1,
          4,
          4,
          null,
          4,
          198,
          15,
          183,
          23,
          null,
          null,
          null,
          4,
          null,
          null,
          1,
          4,
          4,
          null,
          4,
          198,
          4,
          194,
          4,
          null,
          null,
          null,
          4,
          null,
          null,
          1,
          4,
          1,
          3,
          1,
          2,
          0,
          null,
          2,
          null,
          null,
          4,
          1,
          3,
          1,
          null,
          2,
          null,
          null,
          4,
          4,
          4,
          null,
          null,
          1,
          4,
          null,
          null,
          null,
          4,
          4,
          null,
          null,
          null
        ]
      },
      "/Users/andypierce/Desktop/Development/ftw/spec/models/match/match_end/match_end_performance_spec.rb": {
        "lines": [
          1,
          1,
          null,
          1,
          1,
          1,
          1,
          null,
          null,
          null,
          null,
          1,
          null,
          null,
          null,
          null,
          null,
          null,
          null,
          null,
          null,
          null,
          null,
          null,
          null,
          null,
          null,
          null,
          null,
          null,
          null,
          null,
          null,
          null,
          null,
          null,
          null,
          null,
          null,
          null,
          null,
          null,
          null,
          null,
          null,
          null,
          null,
          null,
          null,
          null,
          null,
          null,
          null,
          null,
          null,
          null,
          null,
          null,
          null,
          null,
          null,
          null,
          null,
          null,
          null,
          null,
          null,
          null,
          null,
          null,
          null,
          null,
          null,
          null,
          null,
          null,
          null,
          null,
          null,
          null,
          null,
          null,
          null,
          null,
          null,
          null,
          null,
          null,
          null,
          null,
          null,
          null,
          null,
          null,
          null,
          null,
          null,
          null,
          null,
          null,
          null,
          null,
          null,
          null,
          null,
          null,
          null,
          null,
          null,
          null,
          null,
          null,
          null,
          null,
          null,
          null,
          null,
          null,
          null,
          null,
          null,
          null,
          null,
          null,
          null,
          null,
          null,
          null,
          null,
          null,
          null,
          null,
          null,
          null,
          null,
          null,
          null,
          null,
          null,
          null,
          null,
          null,
          null,
          null,
          1,
          null,
          1,
          1,
          1,
          1,
          1,
          1,
          1,
          1,
          1,
          null,
          null,
          null
        ]
      },
      "/Users/andypierce/Desktop/Development/ftw/app/models/match/match_end/match_end_performance.rb": {
        "lines": [
          1,
          1,
          null,
          1,
          2,
          2,
          null,
          null,
          1,
          2,
          0,
          null,
          null,
          2,
          null,
          2,
          2,
          null,
          null,
          1,
          null,
          1,
          2,
          null,
          2,
          4,
          176,
          88,
          null,
          null,
          null,
          null,
          null,
          null,
          null,
          null,
          null,
          null,
          null,
          2,
          null,
          null
        ]
      },
      "/Users/andypierce/Desktop/Development/ftw/spec/models/match/minute_by_minute/minute_by_minute_blend_spec.rb": {
        "lines": [
          1,
          1,
          null,
          1,
          1,
          1,
          1,
          null,
          null,
          null,
          null,
          null,
          null,
          null,
          null,
          null,
          null,
          null,
          null,
          null,
          null,
          null,
          null,
          null,
          null,
          null,
          null,
          null,
          null,
          null,
          null,
          null,
          null,
          null,
          null,
          null,
          null,
          null,
          null,
          null,
          null,
          null,
          null,
          null,
          null,
          null,
          null,
          null,
          null,
          null,
          null,
          null,
          null,
          null,
          null,
          null,
          null,
          null,
          null,
          null,
          null,
          null,
          null,
          null,
          null,
          null,
          null,
          null,
          null,
          null,
          null,
          null,
          null,
          null,
          null,
          null,
          1,
          null,
          1,
          1,
          1,
          1,
          1,
          1,
          1,
          1,
          1,
          1,
          1,
          1,
          1,
          1,
          1,
          1,
          1,
          1,
          1,
          1,
          1,
          1,
          1,
          null,
          null,
          null
        ]
      },
      "/Users/andypierce/Desktop/Development/ftw/app/models/match/minute_by_minute/minute_by_minute_blend.rb": {
        "lines": [
          1,
          1,
          null,
          1,
          96,
          null,
          null,
          1,
          96,
          null,
          96,
          null,
          96,
          null,
          96,
          null,
          null,
          1,
          null,
          1,
          4299,
          null,
          96,
          null,
          96,
          null,
          96,
          null,
          96,
          null,
          null,
          1,
          96,
          null,
          96,
          382,
          382,
          382,
          382,
          382,
          null,
          null,
          96,
          null,
          null,
          1,
          382,
          4203,
          null,
          1814,
          null,
          1623,
          null,
          766,
          null,
          null,
          null,
          null,
          1,
          96,
          null,
          96,
          382,
          382,
          382,
          null,
          382,
          null,
          null,
          96,
          null,
          null,
          1,
          96,
          null,
          96,
          382,
          382,
          382,
          null,
          382,
          null,
          null,
          96,
          null,
          null,
          1,
          96,
          null,
          96,
          14688,
          null,
          4203,
          null,
          4203,
          null,
          1814,
          null,
          1623,
          null,
          766,
          null,
          null,
          4203,
          null,
          null,
          null,
          null,
          null,
          null,
          null,
          null,
          null,
          null,
          4203,
          null,
          null,
          96,
          null,
          null
        ]
      },
      "/Users/andypierce/Desktop/Development/ftw/spec/models/match/minute_by_minute/minute_by_minute_chance_spec.rb": {
        "lines": [
          1,
          1,
          null,
          1,
          1,
          4,
          4,
          4,
          null,
          1,
          1,
          null,
          1,
          1,
          null,
          1,
          null,
          1,
          null,
          null,
          1,
          1,
          null,
          1,
          null,
          1,
          null,
          null,
          1,
          1,
          null,
          1,
          null,
          1,
          null,
          null,
          null
        ]
      },
      "/Users/andypierce/Desktop/Development/ftw/app/models/match/minute_by_minute/minute_by_minute_chance.rb": {
        "lines": [
          1,
          1,
          null,
          1,
          193,
          193,
          193,
          null,
          null,
          1,
          193,
          null,
          193,
          193,
          null,
          193,
          193,
          null,
          193,
          193,
          193,
          null,
          193,
          193,
          null,
          193,
          null,
          193,
          29,
          164,
          29,
          null,
          135,
          null,
          null,
          193,
          null,
          null,
          null,
          null,
          null
        ]
      },
      "/Users/andypierce/Desktop/Development/ftw/spec/models/match/minute_by_minute/minute_by_minute_names_spec.rb": {
        "lines": [
          1,
          1,
          null,
          1,
          1,
          4,
          4,
          4,
          null,
          1,
          1,
          null,
          null,
          null,
          null,
          1,
          null,
          null,
          null,
          null,
          null,
          null,
          null,
          null,
          null,
          null,
          null,
          null,
          null,
          null,
          null,
          null,
          null,
          null,
          null,
          null,
          null,
          null,
          null,
          null,
          null,
          null,
          null,
          null,
          null,
          null,
          null,
          null,
          null,
          null,
          null,
          null,
          null,
          null,
          null,
          null,
          null,
          null,
          null,
          null,
          null,
          null,
          null,
          null,
          null,
          null,
          null,
          null,
          null,
          null,
          null,
          null,
          null,
          null,
          null,
          null,
          null,
          null,
          null,
          null,
          null,
          null,
          null,
          1,
          null,
          1,
          1,
          1,
          null,
          null,
          1,
          1,
          null,
          null,
[...]
          null,
          null,
          null,
          null,
          null,
          null,
          null,
          null,
          null,
          null,
          null,
          null,
          null,
          null,
          null
        ]
      },
      "/Users/andypierce/Desktop/Development/ftw/app/models/goal.rb": {
        "lines": [
          1,
          1,
          1,
          null,
          null,
          null,
          null,
          null,
          null,
          null,
          null,
          null,
          null,
          null,
          null,
          null,
          null,
          null,
          null,
          null
        ]
      },
      "/Users/andypierce/Desktop/Development/ftw/app/models/template.rb": {
        "lines": [
          1,
          1,
          null,
          null,
          null,
          null,
          null,
          null,
          1,
          198,
          198,
          null,
          null,
          1,
          198,
          198,
          null,
          null,
          1,
          198,
          198,
          null,
          null,
          1,
          198,
          198,
          null,
          null,
          null,
          null,
          null,
          null,
          null,
          null,
          null,
          null,
          null,
          null,
          null,
          null,
          null
        ]
      },
      "/Users/andypierce/Desktop/Development/ftw/app/models/commentary.rb": {
        "lines": [
          1,
          null,
          null,
          null,
          null,
          null,
          null,
          null,
          null,
          null,
          null,
          null,
          null,
          null,
          null,
          null,
          null,
          null
        ]
      },
      "/Users/andypierce/Desktop/Development/ftw/app/models/match/minute_by_minute/minute_by_minute_teams.rb": {
        "lines": [
          1,
          1,
          null,
          1,
          96,
          96,
          null,
          null,
          1,
          96,
          96,
          null,
          96,
          96,
          192,
          192,
          null,
          null,
          96,
          null,
          null,
          1,
          null,
          1,
          192,
          192,
          null,
          192,
          null,
          null,
          1,
          192,
          192,
          192,
          null,
          192,
          8420,
          null,
          2105,
          null,
          862,
          null,
          860,
          null,
          383,
          null,
          null,
          192,
          null,
          null,
          1,
          192,
          192,
          192,
          null,
          192,
          8420,
          null,
          2105,
          null,
          956,
          null,
          765,
          null,
          384,
          null,
          null,
          192,
          null,
          null
        ]
      },
      "/Users/andypierce/Desktop/Development/ftw/app/models/turn.rb": {
        "lines": [
          1,
          null
        ]
      },
      "/Users/andypierce/Desktop/Development/ftw/app/models/game_param.rb": {
        "lines": [
          1,
          null
        ]
      },
      "/Users/andypierce/Desktop/Development/ftw/app/models/match/minute_by_minute/minute_by_minute_logging.rb": {
        "lines": [
          1,
          1,
          null,
          1,
          1,
          null,
          null,
          1,
          1,
          null,
          1,
          null,
          1,
          null,
          191,
          null,
          1,
          1,
          2,
          null,
          null,
          null,
          null
        ]
      },
      "/Users/andypierce/Desktop/Development/ftw/app/models/player/engines/fitness.rb": {
        "lines": [
          1,
          1,
          null,
          1,
          7,
          7,
          7,
          7,
          null,
          null,
          1,
          7,
          8,
          null,
          8,
          null,
          7,
          7,
          7,
          null,
          7,
          7,
          7,
          null,
          null,
          1,
          null,
          1,
          8,
          7,
          7,
          7,
          null,
          1,
          null,
          null,
          null,
          1,
          7,
          0,
          0,
          0,
          null,
          null,
          null,
          null,
          null,
          null,
          null,
          null,
          null,
          1,
          7,
          1,
          1,
          null,
          null,
          null,
          null,
          null,
          null,
          null,
          null,
          1,
          7,
          2,
          2,
          null,
          null,
          null,
          null,
          null,
          null,
          3,
          null,
          null,
          null,
          1,
          2,
          null,
          null,
          1,
          7,
          null,
          null
        ]
      },
      "/Users/andypierce/Desktop/Development/ftw/app/models/player/engines/contract.rb": {
        "lines": [
          1,
          1,
          null,
          1,
          7,
          7,
          7,
          null,
          null,
          1,
          7,
          8,
          null,
          7,
          7,
          null,
          null,
          1,
          null,
          1,
          8,
          null,
          7,
          null,
          7,
          null,
          2,
          1,
          null,
          null,
          1,
          1,
          null,
          1,
          null,
          null,
          null,
          null,
          null
        ]
      },
      "/Users/andypierce/Desktop/Development/ftw/app/models/player/engines/tl.rb": {
        "lines": [
          1,
          1,
          null,
          1,
          7,
          7,
          null,
          null,
          1,
          7,
          8,
          null,
          null,
          7,
          null,
          null,
          1,
          null,
          1,
          8,
          1,
          null,
          null,
          null
        ]
      },
      "/Users/andypierce/Desktop/Development/ftw/app/models/player/engines/player_totals.rb": {
        "lines": [
          1,
          1,
          null,
          1,
          14,
          14,
          null,
          null,
          1,
          14,
          null,
          null,
          null,
          14,
          15,
          15,
          15,
          15,
          15,
          null,
          null,
          null,
          1,
          null,
          1,
          17,
          null,
          null,
          1,
          15,
          null,
          null,
          1,
          15,
          null,
          null,
          1,
          15,
          null,
          null,
          1,
          17,
          null,
          null
        ]
      },
      "/Users/andypierce/Desktop/Development/ftw/app/models/club/squad_corrections.rb": {
        "lines": [
          1,
          1,
          null,
          1,
          2,
          2,
          null,
          null,
          1,
          2,
          2,
          2,
          null,
          2,
          null,
          2,
          null,
          null,
          null,
          1,
          null,
          4,
          2,
          2,
          2,
          null,
          null,
          2,
          null,
          null,
          1,
          2,
          null,
          2,
          2,
          2,
          2,
          null,
          2,
          null,
          null,
          1,
          1,
          null,
          null,
          null,
          null,
          null,
          null,
          null,
          1,
          null,
          1,
          3,
          7,
          null,
          null,
          null,
          null,
          null,
          null,
          null,
          null,
          null,
          null,
          null,
          null,
          null,
          null,
          null,
          null,
          null,
          null,
          null,
          null,
          null,
          null,
          7,
          1,
          null,
          6,
          null,
          null,
          null,
          null,
          null,
          null,
          null,
          null,
          null,
          null,
          null,
          null,
          null,
          null,
          null,
          7,
          null,
          null,
          1,
          null,
          null,
          1,
          7,
          7,
          7,
          7,
          null,
          null
        ]
      },
      "/Users/andypierce/Desktop/Development/ftw/app/models/transfer/transfer_actions.rb": {
        "lines": [
          1,
          1,
          null,
          1,
          20,
          null,
          null,
          1,
          20,
          20,
          20,
          20,
          20,
          20,
          null,
          null,
          1,
          null,
          1,
          20,
          null,
          20,
          3,
          null,
          null,
          null,
          null,
          null,
          null,
          null,
          null,
          null,
          null,
          20,
          3,
          3,
          1,
          1,
          1,
          null,
          null,
          1,
          1,
          2,
          1,
          null,
          null,
          1,
          null,
          null,
          null,
          null,
          null,
          1,
          20,
          20,
          3,
          null,
          null,
          null,
          null,
          null,
          null,
          null,
          null,
          null,
          null,
          20,
          3,
          3,
          1,
          1,
          1,
          1,
          null,
          2,
          1,
          null,
          null,
          1,
          null,
          null,
          3,
          3,
          null,
          null,
          null,
          1,
          20,
          null,
          20,
          4,
          null,
          null,
          null,
          null,
          null,
          null,
          null,
          null,
          null,
          null,
          20,
          4,
          null,
          4,
          4,
          4,
          null,
          4,
          1,
          null,
          1,
          null,
          3,
          2,
          1,
          1,
          1,
          1,
          null,
          1,
          null,
          null,
          1,
          null,
          null,
          null,
          null,
          null,
          null,
          1,
          null,
          1,
          1,
          null,
          1,
          null,
          1,
          null,
          null,
          1,
          0,
          null,
          0,
          null,
          1,
          null,
          1,
          null,
          null,
          4,
          4,
          null,
          null,
          null,
          1,
          3,
          0,
          3,
          3,
          0,
          0,
          null,
          0,
          null,
          null,
          null,
          1,
          20,
          null,
          20,
          5,
          null,
          null,
          null,
          null,
          null,
          null,
          null,
          null,
          null,
          null,
          20,
          5,
          5,
          5,
          null,
          5,
          3,
          1,
          2,
          1,
          null,
          1,
          null,
          null,
          3,
          null,
          3,
          3,
          3,
          null,
          3,
          null,
          null,
          null,
          null,
          null,
          null,
          3,
          2,
          1,
          null,
          1,
          null,
          1,
          null,
          null,
          1,
          null,
          null,
          null,
          5,
          5,
          null,
          null,
          null,
          1,
          20,
          20,
          4,
          null,
          null,
          null,
          null,
          null,
          null,
          null,
          null,
          null,
          null,
          null,
          20,
          4,
          null,
          4,
          2,
          1,
          null,
          1,
          null,
          null,
          2,
          null,
          null,
          null,
          4,
          4,
          null,
          null,
          null,
          1,
          20,
          null,
          20,
          3,
          null,
          null,
          null,
          null,
          null,
          null,
          null,
          null,
          null,
          null,
          20,
          3,
          null,
          3,
          3,
          null,
          3,
          2,
          1,
          null,
          1,
          null,
          1,
          null,
          1,
          null,
          null,
          1,
          null,
          1,
          null,
          null,
          null,
          3,
          3,
          null,
          null,
          null,
          1,
          14,
          null,
          null
        ]
      },
      "/Users/andypierce/Desktop/Development/ftw/app/models/turn/bank_adjustment.rb": {
        "lines": [
          1,
          1,
          null,
          1,
          18,
          18,
          18,
          18,
          18,
          18,
          null,
          null,
          1,
          18,
          null,
          null,
          1,
          null,
          1,
          18,
          18,
          18,
          null,
          18,
          1,
          null,
          null,
          null,
          null,
          17,
          1,
          null,
          null,
          null,
          null,
          16,
          1,
          null,
          null,
          null,
          null,
          15,
          3,
          3,
          null,
          null,
          null,
          null,
          12,
          0,
          null,
          null,
          null,
          null,
          12,
          2,
          null,
          null,
          null,
          null,
          10,
          1,
          null,
          null,
          null,
          null,
          9,
          3,
          3,
          null,
          null,
          null,
          null,
          6,
          1,
          1,
          null,
          null,
          null,
          null,
          5,
          3,
          null,
          null,
          null,
          null,
          2,
          1,
          null,
          null,
          null,
          null,
          null,
          1,
          null,
          null,
          null,
          null,
          null,
          null,
          null
        ]
      },
      "/Users/andypierce/Desktop/Development/ftw/app/models/turn_actions/turn_action_methods.rb": {
        "lines": [
          1,
          1,
          null,
          1,
          14,
          null,
          null,
          1,
          14,
          14,
          14,
          14,
          14,
          14,
          14,
          null,
          null,
          1,
          null,
          1,
          14,
          null,
          14,
          4,
          null,
          null,
          null,
          null,
          null,
          null,
          null,
          null,
          null,
          null,
          14,
          4,
          4,
          4,
          null,
          null,
          null,
          1,
          4,
          4,
          4,
          4,
          null,
          4,
          3,
          2,
          1,
          1,
          1,
          null,
          null,
          1,
          null,
          null,
          null,
          1,
          null,
          null,
          null,
          1,
          1,
          1,
          null,
          null,
          null,
          null,
          1,
          14,
          null,
          14,
          3,
          null,
          null,
          null,
          null,
          null,
          null,
          null,
          null,
          null,
          14,
          3,
          3,
          3,
          null,
          null,
          null,
          1,
          3,
          3,
          3,
          null,
          3,
          3,
          null,
          3,
          null,
          3,
          null,
          null,
          null,
          null,
          1,
          14,
          null,
          14,
          1,
          null,
          null,
          null,
          null,
          null,
          null,
          null,
          null,
          null,
          null,
          14,
          1,
          1,
          0,
          null,
          1,
          null,
          null,
          1,
          1,
          1,
          1,
          null,
          null,
          null,
          null,
          1,
          1,
          1,
          null,
          null,
          null,
          1,
          14,
          14,
          null,
          14,
          1,
          null,
          null,
          null,
          null,
          null,
          null,
          null,
          null,
          null,
          null,
          14,
          1,
          1,
          1,
          1,
          1,
          null,
          null,
          null,
          null,
          1,
          1,
          1,
          null,
          null,
          null,
          1,
          14,
          null,
          14,
          1,
          null,
          null,
          null,
          null,
          null,
          null,
          null,
          null,
          null,
          null,
          14,
          1,
          1,
          1,
          1,
          1,
          null,
          null,
          null,
          null,
          1,
          1,
          1,
          null,
          null,
          null,
          1,
          14,
          null,
          14,
          3,
          null,
          null,
          null,
          null,
          null,
          null,
          null,
          null,
          null,
          null,
          14,
          3,
          null,
          3,
          null,
          3,
          2,
          2,
          null,
          2,
          null,
          null,
          null,
          null,
          null,
          null,
          1,
          1,
          1,
          null,
          null,
          1,
          null,
          null,
          null,
          3,
          3,
          null,
          null,
          null,
          null,
          1,
          14,
          null,
          14,
          1,
          null,
          null,
          null,
          null,
          null,
          null,
          null,
          null,
          null,
          null,
          14,
          1,
          null,
          1,
          null,
          1,
          1,
          null,
          1,
          null,
          null,
          null,
          null,
          null,
          null,
          1,
          1,
          null,
          null,
          null,
          null
        ]
      },
      "/Users/andypierce/Desktop/Development/ftw/app/models/upgrade.rb": {
        "lines": [
          1,
          null,
          null,
          null,
          null,
          null,
          null,
          null,
          null,
          null,
          null,
          null,
          null,
          null,
          null,
          null,
          null,
          null
        ]
      }
    },
    "timestamp": 1725008332
  }
}
